Base path: /Applications/Unity/Hub/Editor/2018.4.16f1/Unity.app/Contents
Cmd: initializeCompiler
Cmd: translateComputeKernel
  api=14 insize=2129 outsize=3889 ok=1
Cmd: compileComputeKernel
  api=14 insize=3158 outsize=48849 ok=1
Cmd: translateComputeKernel
  api=14 insize=10553 outsize=18425 ok=1
Cmd: translateComputeKernel
  api=14 insize=5397 outsize=7573 ok=1
Cmd: compileComputeKernel
  api=14 insize=18731 outsize=9637 ok=1
Cmd: compileComputeKernel
  api=14 insize=18731 outsize=11489 ok=1
Cmd: translateComputeKernel
  api=14 insize=11321 outsize=24829 ok=1
Cmd: compileComputeKernel
  api=14 insize=1864 outsize=2001 ok=1
Cmd: compileComputeKernel
  api=14 insize=1505 outsize=2077 ok=1
Cmd: compileComputeKernel
  api=14 insize=2120 outsize=1505 ok=1
Cmd: initializeCompiler
Cmd: initializeCompiler
Cmd: initializeCompiler
Cmd: initializeCompiler
Cmd: initializeCompiler

Quitting shader compiler process
